<?xml version="1.0" encoding="UTF-8"?>
<!-- Generated by org.testng.reporters.JUnitXMLReporter -->
<testsuite hostname="VDQADEV01-G67N6" name="JagdPantherEditionTests" tests="2" failures="1" timestamp="18 Feb 2015 22:09:50 GMT" time="14.598" errors="0">
  <testcase name="verifyAProgramIsEdited" time="6.905" classname="tests.editiontests.VerifyProgramEdition">
    <failure type="java.lang.AssertionError" message="expected [ProgramName2A] but found [null]">
      <![CDATA[java.lang.AssertionError: expected [ProgramName2A] but found [null]
	at tests.editiontests.VerifyProgramEdition.verifyAProgramIsEdited(VerifyProgramEdition.java:61)
... Removed 29 stack frames]]>
    </failure>
  </testcase> <!-- verifyAProgramIsEdited -->
  <testcase name="verifyAProgramIsEdited" time="6.337" classname="tests.editiontests.VerifyProgramEdition"/>
</testsuite> <!-- JagdPantherEditionTests -->
